<!--                                                                        -->
<!-- Copyright 2009 Google Inc.                                             -->
<!-- Licensed under the Apache License, Version 2.0 (the "License"); you    -->
<!-- may not use this file except in compliance with the License. You may   -->
<!-- may obtain a copy of the License at                                    -->
<!--                                                                        -->
<!-- http://www.apache.org/licenses/LICENSE-2.0                             -->
<!--                                                                        -->
<!-- Unless required by applicable law or agreed to in writing, software    -->
<!-- distributed under the License is distributed on an "AS IS" BASIS,      -->
<!-- WITHOUT WARRANTIES OR CONDITIONS OF ANY KIND, either express or        -->
<!-- implied. License for the specific language governing permissions and   -->
<!-- limitations under the License.                                         -->

<!-- This module is for the PropertyDefiningGWTTest -->
<module>
  <inherits name="com.google.gwt.user.User" />
  <define-property name="my.property" values="one,two" />

  <replace-with class="com.google.gwt.junit.client.PropertyDefiningGWTTest$TestImplOne">
    <when-type-is class="com.google.gwt.junit.client.PropertyDefiningGWTTest$TestInterface" />
    <when-property-is name="my.property" value="one" />
  </replace-with>
  <replace-with class="com.google.gwt.junit.client.PropertyDefiningGWTTest.TestImplOne">
    <when-type-is class="com.google.gwt.junit.client.PropertyDefiningGWTTest.TestInterface" />
    <when-property-is name="my.property" value="one" />
  </replace-with>

  <replace-with class="com.google.gwt.junit.client.PropertyDefiningGWTTest$TestImplTwo">
    <when-type-is class="com.google.gwt.junit.client.PropertyDefiningGWTTest$TestInterface" />
    <when-property-is name="my.property" value="two" />
  </replace-with>
  <replace-with class="com.google.gwt.junit.client.PropertyDefiningGWTTest.TestImplTwo">
    <when-type-is class="com.google.gwt.junit.client.PropertyDefiningGWTTest.TestInterface" />
    <when-property-is name="my.property" value="two" />
  </replace-with>
</module>
